# JRE version: OpenJDK Runtime Environment (8.0_212-b04) (build 1.8.0_212-release-1586-b04)
# Java VM: OpenJDK 64-Bit Server VM (25.212-b04 mixed mode windows-amd64 compressed oops)
Heap:
 PSYoungGen      total 386048K, used 116636K [0x00000000e0000000, 0x00000000ff880000, 0x0000000100000000)
  eden space 263680K, 30% used [0x00000000e0000000,0x00000000e4f11bf0,0x00000000f0180000)
  from space 122368K, 29% used [0x00000000f8100000,0x00000000fa3d5568,0x00000000ff880000)
  to   space 126464K, 0% used [0x00000000f0180000,0x00000000f0180000,0x00000000f7d00000)
 ParOldGen       total 553472K, used 259706K [0x00000000a0000000, 0x00000000c1c80000, 0x00000000e0000000)
  object space 553472K, 46% used [0x00000000a0000000,0x00000000afd9e948,0x00000000c1c80000)
 Metaspace       used 122798K, capacity 131970K, committed 132608K, reserved 1165312K
  class space    used 15081K, capacity 16648K, committed 16896K, reserved 1048576K
GC Heap History (10 events):
Event: 26219.560 GC heap before
{Heap before GC invocations=142 (full 11):
 PSYoungGen      total 399360K, used 399357K [0x00000000e0000000, 0x0000000100000000, 0x0000000100000000)
  eden space 326656K, 100% used [0x00000000e0000000,0x00000000f3f00000,0x00000000f3f00000)
  from space 72704K, 99% used [0x00000000fb900000,0x00000000fffff430,0x0000000100000000)
  to   space 98816K, 0% used [0x00000000f3f00000,0x00000000f3f00000,0x00000000f9f80000)
 ParOldGen       total 392192K, used 194586K [0x00000000a0000000, 0x00000000b7f00000, 0x00000000e0000000)
  object space 392192K, 49% used [0x00000000a0000000,0x00000000abe069e0,0x00000000b7f00000)
 Metaspace       used 122952K, capacity 132438K, committed 132608K, reserved 1165312K
  class space    used 15132K, capacity 16800K, committed 16896K, reserved 1048576K
Event: 26219.700 GC heap after
Heap after GC invocations=142 (full 11):
 PSYoungGen      total 425472K, used 98793K [0x00000000e0000000, 0x0000000100000000, 0x0000000100000000)
  eden space 326656K, 0% used [0x00000000e0000000,0x00000000e0000000,0x00000000f3f00000)
  from space 98816K, 99% used [0x00000000f3f00000,0x00000000f9f7a7f8,0x00000000f9f80000)
  to   space 98816K, 0% used [0x00000000f9f80000,0x00000000f9f80000,0x0000000100000000)
 ParOldGen       total 392192K, used 260921K [0x00000000a0000000, 0x00000000b7f00000, 0x00000000e0000000)
  object space 392192K, 66% used [0x00000000a0000000,0x00000000afece470,0x00000000b7f00000)
 Metaspace       used 122952K, capacity 132438K, committed 132608K, reserved 1165312K
  class space    used 15132K, capacity 16800K, committed 16896K, reserved 1048576K
}
Event: 26219.980 GC heap before
{Heap before GC invocations=143 (full 11):
 PSYoungGen      total 425472K, used 425449K [0x00000000e0000000, 0x0000000100000000, 0x0000000100000000)
  eden space 326656K, 100% used [0x00000000e0000000,0x00000000f3f00000,0x00000000f3f00000)
  from space 98816K, 99% used [0x00000000f3f00000,0x00000000f9f7a7f8,0x00000000f9f80000)
  to   space 98816K, 0% used [0x00000000f9f80000,0x00000000f9f80000,0x0000000100000000)
 ParOldGen       total 392192K, used 260921K [0x00000000a0000000, 0x00000000b7f00000, 0x00000000e0000000)
  object space 392192K, 66% used [0x00000000a0000000,0x00000000afece470,0x00000000b7f00000)
 Metaspace       used 122961K, capacity 132438K, committed 132608K, reserved 1165312K
  class space    used 15132K, capacity 16800K, committed 16896K, reserved 1048576K
Event: 26220.088 GC heap after
Heap after GC invocations=143 (full 11):
 PSYoungGen      total 361984K, used 64040K [0x00000000e0000000, 0x0000000100000000, 0x0000000100000000)
  eden space 263168K, 0% used [0x00000000e0000000,0x00000000e0000000,0x00000000f0100000)
  from space 98816K, 64% used [0x00000000f9f80000,0x00000000fde0a190,0x0000000100000000)
  to   space 130560K, 0% used [0x00000000f0100000,0x00000000f0100000,0x00000000f8080000)
 ParOldGen       total 392192K, used 315020K [0x00000000a0000000, 0x00000000b7f00000, 0x00000000e0000000)
  object space 392192K, 80% used [0x00000000a0000000,0x00000000b33a32f0,0x00000000b7f00000)
 Metaspace       used 122961K, capacity 132438K, committed 132608K, reserved 1165312K
  class space    used 15132K, capacity 16800K, committed 16896K, reserved 1048576K
}
Event: 26220.932 GC heap before
{Heap before GC invocations=144 (full 11):
 PSYoungGen      total 361984K, used 327208K [0x00000000e0000000, 0x0000000100000000, 0x0000000100000000)
  eden space 263168K, 100% used [0x00000000e0000000,0x00000000f0100000,0x00000000f0100000)
  from space 98816K, 64% used [0x00000000f9f80000,0x00000000fde0a190,0x0000000100000000)
  to   space 130560K, 0% used [0x00000000f0100000,0x00000000f0100000,0x00000000f8080000)
 ParOldGen       total 392192K, used 315020K [0x00000000a0000000, 0x00000000b7f00000, 0x00000000e0000000)
  object space 392192K, 80% used [0x00000000a0000000,0x00000000b33a32f0,0x00000000b7f00000)
 Metaspace       used 122983K, capacity 132502K, committed 132608K, reserved 1165312K
  class space    used 15132K, capacity 16800K, committed 16896K, reserved 1048576K
Event: 26221.000 GC heap after
Heap after GC invocations=144 (full 11):
 PSYoungGen      total 393728K, used 23633K [0x00000000e0000000, 0x0000000100000000, 0x0000000100000000)
  eden space 263168K, 0% used [0x00000000e0000000,0x00000000e0000000,0x00000000f0100000)
  from space 130560K, 18% used [0x00000000f0100000,0x00000000f18144e0,0x00000000f8080000)
  to   space 130048K, 0% used [0x00000000f8100000,0x00000000f8100000,0x0000000100000000)
 ParOldGen       total 392192K, used 372416K [0x00000000a0000000, 0x00000000b7f00000, 0x00000000e0000000)
  object space 392192K, 94% used [0x00000000a0000000,0x00000000b6bb03c0,0x00000000b7f00000)
 Metaspace       used 122983K, capacity 132502K, committed 132608K, reserved 1165312K
  class space    used 15132K, capacity 16800K, committed 16896K, reserved 1048576K
}
Event: 26221.000 GC heap before
{Heap before GC invocations=145 (full 12):
 PSYoungGen      total 393728K, used 23633K [0x00000000e0000000, 0x0000000100000000, 0x0000000100000000)
  eden space 263168K, 0% used [0x00000000e0000000,0x00000000e0000000,0x00000000f0100000)
  from space 130560K, 18% used [0x00000000f0100000,0x00000000f18144e0,0x00000000f8080000)
  to   space 130048K, 0% used [0x00000000f8100000,0x00000000f8100000,0x0000000100000000)
 ParOldGen       total 392192K, used 372416K [0x00000000a0000000, 0x00000000b7f00000, 0x00000000e0000000)
  object space 392192K, 94% used [0x00000000a0000000,0x00000000b6bb03c0,0x00000000b7f00000)
 Metaspace       used 122983K, capacity 132502K, committed 132608K, reserved 1165312K
  class space    used 15132K, capacity 16800K, committed 16896K, reserved 1048576K
Event: 26221.652 GC heap after
Heap after GC invocations=145 (full 12):
 PSYoungGen      total 393728K, used 0K [0x00000000e0000000, 0x0000000100000000, 0x0000000100000000)
  eden space 263168K, 0% used [0x00000000e0000000,0x00000000e0000000,0x00000000f0100000)
  from space 130560K, 0% used [0x00000000f0100000,0x00000000f0100000,0x00000000f8080000)
  to   space 130048K, 0% used [0x00000000f8100000,0x00000000f8100000,0x0000000100000000)
 ParOldGen       total 553472K, used 259706K [0x00000000a0000000, 0x00000000c1c80000, 0x00000000e0000000)
  object space 553472K, 46% used [0x00000000a0000000,0x00000000afd9e948,0x00000000c1c80000)
 Metaspace       used 122745K, capacity 131950K, committed 132608K, reserved 1165312K
  class space    used 15079K, capacity 16648K, committed 16896K, reserved 1048576K
}
Event: 26221.954 GC heap before
{Heap before GC invocations=146 (full 12):
 PSYoungGen      total 393728K, used 263168K [0x00000000e0000000, 0x0000000100000000, 0x0000000100000000)
  eden space 263168K, 100% used [0x00000000e0000000,0x00000000f0100000,0x00000000f0100000)
  from space 130560K, 0% used [0x00000000f0100000,0x00000000f0100000,0x00000000f8080000)
  to   space 130048K, 0% used [0x00000000f8100000,0x00000000f8100000,0x0000000100000000)
 ParOldGen       total 553472K, used 259706K [0x00000000a0000000, 0x00000000c1c80000, 0x00000000e0000000)
  object space 553472K, 46% used [0x00000000a0000000,0x00000000afd9e948,0x00000000c1c80000)
 Metaspace       used 122746K, capacity 131950K, committed 132608K, reserved 1165312K
  class space    used 15079K, capacity 16648K, committed 16896K, reserved 1048576K
Event: 26221.964 GC heap after
Heap after GC invocations=146 (full 12):
 PSYoungGen      total 386048K, used 35669K [0x00000000e0000000, 0x00000000ff880000, 0x0000000100000000)
  eden space 263680K, 0% used [0x00000000e0000000,0x00000000e0000000,0x00000000f0180000)
  from space 122368K, 29% used [0x00000000f8100000,0x00000000fa3d5568,0x00000000ff880000)
  to   space 126464K, 0% used [0x00000000f0180000,0x00000000f0180000,0x00000000f7d00000)
 ParOldGen       total 553472K, used 259706K [0x00000000a0000000, 0x00000000c1c80000, 0x00000000e0000000)
  object space 553472K, 46% used [0x00000000a0000000,0x00000000afd9e948,0x00000000c1c80000)
 Metaspace       used 122746K, capacity 131950K, committed 132608K, reserved 1165312K
  class space    used 15079K, capacity 16648K, committed 16896K, reserved 1048576K
}

