# JRE version: OpenJDK Runtime Environment (8.0_212-b04) (build 1.8.0_212-release-1586-b04)
# Java VM: OpenJDK 64-Bit Server VM (25.212-b04 mixed mode windows-amd64 compressed oops)
Heap:
 PSYoungGen      total 414208K, used 307030K [0x00000000e0000000, 0x0000000100000000, 0x0000000100000000)
  eden space 316416K, 81% used [0x00000000e0000000,0x00000000efbdd5e8,0x00000000f3500000)
  from space 97792K, 50% used [0x00000000f3500000,0x00000000f64f85c0,0x00000000f9480000)
  to   space 96768K, 0% used [0x00000000fa180000,0x00000000fa180000,0x0000000100000000)
 ParOldGen       total 643072K, used 275808K [0x00000000a0000000, 0x00000000c7400000, 0x00000000e0000000)
  object space 643072K, 42% used [0x00000000a0000000,0x00000000b0d58060,0x00000000c7400000)
 Metaspace       used 106682K, capacity 111666K, committed 111912K, reserved 1146880K
  class space    used 13829K, capacity 14813K, committed 14888K, reserved 1048576K
GC Heap History (10 events):
Event: 36.563 GC heap before
{Heap before GC invocations=26 (full 4):
 PSYoungGen      total 414208K, used 354761K [0x00000000e0000000, 0x0000000100000000, 0x0000000100000000)
  eden space 304128K, 100% used [0x00000000e0000000,0x00000000f2900000,0x00000000f2900000)
  from space 110080K, 45% used [0x00000000f2900000,0x00000000f5a72480,0x00000000f9480000)
  to   space 107008K, 0% used [0x00000000f9780000,0x00000000f9780000,0x0000000100000000)
 ParOldGen       total 364544K, used 288795K [0x00000000a0000000, 0x00000000b6400000, 0x00000000e0000000)
  object space 364544K, 79% used [0x00000000a0000000,0x00000000b1a06d38,0x00000000b6400000)
 Metaspace       used 104700K, capacity 109826K, committed 109864K, reserved 1144832K
  class space    used 13629K, capacity 14627K, committed 14632K, reserved 1048576K
Event: 36.596 GC heap after
Heap after GC invocations=26 (full 4):
 PSYoungGen      total 409088K, used 9196K [0x00000000e0000000, 0x00000000ffb00000, 0x0000000100000000)
  eden space 307200K, 0% used [0x00000000e0000000,0x00000000e0000000,0x00000000f2c00000)
  from space 101888K, 9% used [0x00000000f9780000,0x00000000fa07b1a0,0x00000000ffb00000)
  to   space 105984K, 0% used [0x00000000f2c00000,0x00000000f2c00000,0x00000000f9380000)
 ParOldGen       total 364544K, used 334841K [0x00000000a0000000, 0x00000000b6400000, 0x00000000e0000000)
  object space 364544K, 91% used [0x00000000a0000000,0x00000000b46fe5d8,0x00000000b6400000)
 Metaspace       used 104700K, capacity 109826K, committed 109864K, reserved 1144832K
  class space    used 13629K, capacity 14627K, committed 14632K, reserved 1048576K
}
Event: 36.596 GC heap before
{Heap before GC invocations=27 (full 5):
 PSYoungGen      total 409088K, used 9196K [0x00000000e0000000, 0x00000000ffb00000, 0x0000000100000000)
  eden space 307200K, 0% used [0x00000000e0000000,0x00000000e0000000,0x00000000f2c00000)
  from space 101888K, 9% used [0x00000000f9780000,0x00000000fa07b1a0,0x00000000ffb00000)
  to   space 105984K, 0% used [0x00000000f2c00000,0x00000000f2c00000,0x00000000f9380000)
 ParOldGen       total 364544K, used 334841K [0x00000000a0000000, 0x00000000b6400000, 0x00000000e0000000)
  object space 364544K, 91% used [0x00000000a0000000,0x00000000b46fe5d8,0x00000000b6400000)
 Metaspace       used 104700K, capacity 109826K, committed 109864K, reserved 1144832K
  class space    used 13629K, capacity 14627K, committed 14632K, reserved 1048576K
Event: 37.156 GC heap after
Heap after GC invocations=27 (full 5):
 PSYoungGen      total 409088K, used 0K [0x00000000e0000000, 0x00000000ffb00000, 0x0000000100000000)
  eden space 307200K, 0% used [0x00000000e0000000,0x00000000e0000000,0x00000000f2c00000)
  from space 101888K, 0% used [0x00000000f9780000,0x00000000f9780000,0x00000000ffb00000)
  to   space 105984K, 0% used [0x00000000f2c00000,0x00000000f2c00000,0x00000000f9380000)
 ParOldGen       total 643072K, used 275792K [0x00000000a0000000, 0x00000000c7400000, 0x00000000e0000000)
  object space 643072K, 42% used [0x00000000a0000000,0x00000000b0d54060,0x00000000c7400000)
 Metaspace       used 104433K, capacity 109186K, committed 109864K, reserved 1144832K
  class space    used 13536K, capacity 14461K, committed 14632K, reserved 1048576K
}
Event: 37.781 GC heap before
{Heap before GC invocations=28 (full 5):
 PSYoungGen      total 409088K, used 307200K [0x00000000e0000000, 0x00000000ffb00000, 0x0000000100000000)
  eden space 307200K, 100% used [0x00000000e0000000,0x00000000f2c00000,0x00000000f2c00000)
  from space 101888K, 0% used [0x00000000f9780000,0x00000000f9780000,0x00000000ffb00000)
  to   space 105984K, 0% used [0x00000000f2c00000,0x00000000f2c00000,0x00000000f9380000)
 ParOldGen       total 643072K, used 275792K [0x00000000a0000000, 0x00000000c7400000, 0x00000000e0000000)
  object space 643072K, 42% used [0x00000000a0000000,0x00000000b0d54060,0x00000000c7400000)
 Metaspace       used 104492K, capacity 109254K, committed 109992K, reserved 1144832K
  class space    used 13549K, capacity 14501K, committed 14760K, reserved 1048576K
Event: 37.787 GC heap after
Heap after GC invocations=28 (full 5):
 PSYoungGen      total 413184K, used 18893K [0x00000000e0000000, 0x00000000ffc00000, 0x0000000100000000)
  eden space 307200K, 0% used [0x00000000e0000000,0x00000000e0000000,0x00000000f2c00000)
  from space 105984K, 17% used [0x00000000f2c00000,0x00000000f3e734d0,0x00000000f9380000)
  to   space 101888K, 0% used [0x00000000f9880000,0x00000000f9880000,0x00000000ffc00000)
 ParOldGen       total 643072K, used 275800K [0x00000000a0000000, 0x00000000c7400000, 0x00000000e0000000)
  object space 643072K, 42% used [0x00000000a0000000,0x00000000b0d56060,0x00000000c7400000)
 Metaspace       used 104492K, capacity 109254K, committed 109992K, reserved 1144832K
  class space    used 13549K, capacity 14501K, committed 14760K, reserved 1048576K
}
Event: 38.603 GC heap before
{Heap before GC invocations=29 (full 5):
 PSYoungGen      total 413184K, used 321688K [0x00000000e0000000, 0x00000000ffc00000, 0x0000000100000000)
  eden space 307200K, 98% used [0x00000000e0000000,0x00000000f27b2f08,0x00000000f2c00000)
  from space 105984K, 17% used [0x00000000f2c00000,0x00000000f3e734d0,0x00000000f9380000)
  to   space 101888K, 0% used [0x00000000f9880000,0x00000000f9880000,0x00000000ffc00000)
 ParOldGen       total 643072K, used 275800K [0x00000000a0000000, 0x00000000c7400000, 0x00000000e0000000)
  object space 643072K, 42% used [0x00000000a0000000,0x00000000b0d56060,0x00000000c7400000)
 Metaspace       used 105137K, capacity 109974K, committed 110504K, reserved 1144832K
  class space    used 13633K, capacity 14613K, committed 14760K, reserved 1048576K
Event: 38.615 GC heap after
Heap after GC invocations=29 (full 5):
 PSYoungGen      total 410112K, used 21972K [0x00000000e0000000, 0x00000000ff400000, 0x0000000100000000)
  eden space 316416K, 0% used [0x00000000e0000000,0x00000000e0000000,0x00000000f3500000)
  from space 93696K, 23% used [0x00000000f9880000,0x00000000fadf52a8,0x00000000ff400000)
  to   space 97792K, 0% used [0x00000000f3500000,0x00000000f3500000,0x00000000f9480000)
 ParOldGen       total 643072K, used 275800K [0x00000000a0000000, 0x00000000c7400000, 0x00000000e0000000)
  object space 643072K, 42% used [0x00000000a0000000,0x00000000b0d56060,0x00000000c7400000)
 Metaspace       used 105137K, capacity 109974K, committed 110504K, reserved 1144832K
  class space    used 13633K, capacity 14613K, committed 14760K, reserved 1048576K
}
Event: 63.437 GC heap before
{Heap before GC invocations=30 (full 5):
 PSYoungGen      total 410112K, used 338388K [0x00000000e0000000, 0x00000000ff400000, 0x0000000100000000)
  eden space 316416K, 100% used [0x00000000e0000000,0x00000000f3500000,0x00000000f3500000)
  from space 93696K, 23% used [0x00000000f9880000,0x00000000fadf52a8,0x00000000ff400000)
  to   space 97792K, 0% used [0x00000000f3500000,0x00000000f3500000,0x00000000f9480000)
 ParOldGen       total 643072K, used 275800K [0x00000000a0000000, 0x00000000c7400000, 0x00000000e0000000)
  object space 643072K, 42% used [0x00000000a0000000,0x00000000b0d56060,0x00000000c7400000)
 Metaspace       used 106559K, capacity 111526K, committed 111656K, reserved 1146880K
  class space    used 13826K, capacity 14811K, committed 14888K, reserved 1048576K
Event: 63.457 GC heap after
Heap after GC invocations=30 (full 5):
 PSYoungGen      total 414208K, used 49121K [0x00000000e0000000, 0x0000000100000000, 0x0000000100000000)
  eden space 316416K, 0% used [0x00000000e0000000,0x00000000e0000000,0x00000000f3500000)
  from space 97792K, 50% used [0x00000000f3500000,0x00000000f64f85c0,0x00000000f9480000)
  to   space 96768K, 0% used [0x00000000fa180000,0x00000000fa180000,0x0000000100000000)
 ParOldGen       total 643072K, used 275808K [0x00000000a0000000, 0x00000000c7400000, 0x00000000e0000000)
  object space 643072K, 42% used [0x00000000a0000000,0x00000000b0d58060,0x00000000c7400000)
 Metaspace       used 106559K, capacity 111526K, committed 111656K, reserved 1146880K
  class space    used 13826K, capacity 14811K, committed 14888K, reserved 1048576K
}

