# JRE version: OpenJDK Runtime Environment (8.0_212-b04) (build 1.8.0_212-release-1586-b04)
# Java VM: OpenJDK 64-Bit Server VM (25.212-b04 mixed mode windows-amd64 compressed oops)
Heap:
 PSYoungGen      total 404480K, used 248781K [0x00000000e0000000, 0x00000000fc700000, 0x0000000100000000)
  eden space 344064K, 64% used [0x00000000e0000000,0x00000000ed96d360,0x00000000f5000000)
  from space 60416K, 43% used [0x00000000f8c00000,0x00000000fa5860b0,0x00000000fc700000)
  to   space 60928K, 0% used [0x00000000f5000000,0x00000000f5000000,0x00000000f8b80000)
 ParOldGen       total 449024K, used 102341K [0x00000000a0000000, 0x00000000bb680000, 0x00000000e0000000)
  object space 449024K, 22% used [0x00000000a0000000,0x00000000a63f1468,0x00000000bb680000)
 Metaspace       used 97243K, capacity 100928K, committed 101312K, reserved 1136640K
  class space    used 12389K, capacity 13134K, committed 13312K, reserved 1048576K
GC Heap History (10 events):
Event: 21.240 GC heap before
{Heap before GC invocations=20 (full 4):
 PSYoungGen      total 354304K, used 41818K [0x00000000e0000000, 0x00000000fac00000, 0x0000000100000000)
  eden space 292352K, 0% used [0x00000000e0000000,0x00000000e0000000,0x00000000f1d80000)
  from space 61952K, 67% used [0x00000000f5c00000,0x00000000f84d6900,0x00000000f9880000)
  to   space 64000K, 0% used [0x00000000f1d80000,0x00000000f1d80000,0x00000000f5c00000)
 ParOldGen       total 291840K, used 98264K [0x00000000a0000000, 0x00000000b1d00000, 0x00000000e0000000)
  object space 291840K, 33% used [0x00000000a0000000,0x00000000a5ff6028,0x00000000b1d00000)
 Metaspace       used 94518K, capacity 98424K, committed 98496K, reserved 1134592K
  class space    used 12258K, capacity 13054K, committed 13056K, reserved 1048576K
Event: 21.451 GC heap after
Heap after GC invocations=20 (full 4):
 PSYoungGen      total 354304K, used 0K [0x00000000e0000000, 0x00000000fac00000, 0x0000000100000000)
  eden space 292352K, 0% used [0x00000000e0000000,0x00000000e0000000,0x00000000f1d80000)
  from space 61952K, 0% used [0x00000000f5c00000,0x00000000f5c00000,0x00000000f9880000)
  to   space 64000K, 0% used [0x00000000f1d80000,0x00000000f1d80000,0x00000000f5c00000)
 ParOldGen       total 449024K, used 102309K [0x00000000a0000000, 0x00000000bb680000, 0x00000000e0000000)
  object space 449024K, 22% used [0x00000000a0000000,0x00000000a63e9468,0x00000000bb680000)
 Metaspace       used 94089K, capacity 97348K, committed 98496K, reserved 1134592K
  class space    used 12114K, capacity 12796K, committed 13056K, reserved 1048576K
}
Event: 22.221 GC heap before
{Heap before GC invocations=21 (full 4):
 PSYoungGen      total 354304K, used 292352K [0x00000000e0000000, 0x00000000fac00000, 0x0000000100000000)
  eden space 292352K, 100% used [0x00000000e0000000,0x00000000f1d80000,0x00000000f1d80000)
  from space 61952K, 0% used [0x00000000f5c00000,0x00000000f5c00000,0x00000000f9880000)
  to   space 64000K, 0% used [0x00000000f1d80000,0x00000000f1d80000,0x00000000f5c00000)
 ParOldGen       total 449024K, used 102309K [0x00000000a0000000, 0x00000000bb680000, 0x00000000e0000000)
  object space 449024K, 22% used [0x00000000a0000000,0x00000000a63e9468,0x00000000bb680000)
 Metaspace       used 94948K, capacity 98320K, committed 99392K, reserved 1136640K
  class space    used 12192K, capacity 12892K, committed 13184K, reserved 1048576K
Event: 22.238 GC heap after
Heap after GC invocations=21 (full 4):
 PSYoungGen      total 356352K, used 19154K [0x00000000e0000000, 0x00000000fc900000, 0x0000000100000000)
  eden space 292352K, 0% used [0x00000000e0000000,0x00000000e0000000,0x00000000f1d80000)
  from space 64000K, 29% used [0x00000000f1d80000,0x00000000f3034bb8,0x00000000f5c00000)
  to   space 62464K, 0% used [0x00000000f8c00000,0x00000000f8c00000,0x00000000fc900000)
 ParOldGen       total 449024K, used 102317K [0x00000000a0000000, 0x00000000bb680000, 0x00000000e0000000)
  object space 449024K, 22% used [0x00000000a0000000,0x00000000a63eb468,0x00000000bb680000)
 Metaspace       used 94948K, capacity 98320K, committed 99392K, reserved 1136640K
  class space    used 12192K, capacity 12892K, committed 13184K, reserved 1048576K
}
Event: 22.741 GC heap before
{Heap before GC invocations=22 (full 4):
 PSYoungGen      total 356352K, used 311506K [0x00000000e0000000, 0x00000000fc900000, 0x0000000100000000)
  eden space 292352K, 100% used [0x00000000e0000000,0x00000000f1d80000,0x00000000f1d80000)
  from space 64000K, 29% used [0x00000000f1d80000,0x00000000f3034bb8,0x00000000f5c00000)
  to   space 62464K, 0% used [0x00000000f8c00000,0x00000000f8c00000,0x00000000fc900000)
 ParOldGen       total 449024K, used 102317K [0x00000000a0000000, 0x00000000bb680000, 0x00000000e0000000)
  object space 449024K, 22% used [0x00000000a0000000,0x00000000a63eb468,0x00000000bb680000)
 Metaspace       used 95715K, capacity 99208K, committed 100160K, reserved 1136640K
  class space    used 12244K, capacity 12956K, committed 13184K, reserved 1048576K
Event: 22.756 GC heap after
Heap after GC invocations=22 (full 4):
 PSYoungGen      total 404480K, used 15307K [0x00000000e0000000, 0x00000000fc700000, 0x0000000100000000)
  eden space 344064K, 0% used [0x00000000e0000000,0x00000000e0000000,0x00000000f5000000)
  from space 60416K, 25% used [0x00000000f8c00000,0x00000000f9af2d78,0x00000000fc700000)
  to   space 60928K, 0% used [0x00000000f5000000,0x00000000f5000000,0x00000000f8b80000)
 ParOldGen       total 449024K, used 102325K [0x00000000a0000000, 0x00000000bb680000, 0x00000000e0000000)
  object space 449024K, 22% used [0x00000000a0000000,0x00000000a63ed468,0x00000000bb680000)
 Metaspace       used 95715K, capacity 99208K, committed 100160K, reserved 1136640K
  class space    used 12244K, capacity 12956K, committed 13184K, reserved 1048576K
}
Event: 23.513 GC heap before
{Heap before GC invocations=23 (full 4):
 PSYoungGen      total 404480K, used 359371K [0x00000000e0000000, 0x00000000fc700000, 0x0000000100000000)
  eden space 344064K, 100% used [0x00000000e0000000,0x00000000f5000000,0x00000000f5000000)
  from space 60416K, 25% used [0x00000000f8c00000,0x00000000f9af2d78,0x00000000fc700000)
  to   space 60928K, 0% used [0x00000000f5000000,0x00000000f5000000,0x00000000f8b80000)
 ParOldGen       total 449024K, used 102325K [0x00000000a0000000, 0x00000000bb680000, 0x00000000e0000000)
  object space 449024K, 22% used [0x00000000a0000000,0x00000000a63ed468,0x00000000bb680000)
 Metaspace       used 96352K, capacity 99894K, committed 100672K, reserved 1136640K
  class space    used 12282K, capacity 13011K, committed 13184K, reserved 1048576K
Event: 23.524 GC heap after
Heap after GC invocations=23 (full 4):
 PSYoungGen      total 404992K, used 15390K [0x00000000e0000000, 0x00000000fc700000, 0x0000000100000000)
  eden space 344064K, 0% used [0x00000000e0000000,0x00000000e0000000,0x00000000f5000000)
  from space 60928K, 25% used [0x00000000f5000000,0x00000000f5f07ba8,0x00000000f8b80000)
  to   space 60416K, 0% used [0x00000000f8c00000,0x00000000f8c00000,0x00000000fc700000)
 ParOldGen       total 449024K, used 102333K [0x00000000a0000000, 0x00000000bb680000, 0x00000000e0000000)
  object space 449024K, 22% used [0x00000000a0000000,0x00000000a63ef468,0x00000000bb680000)
 Metaspace       used 96352K, capacity 99894K, committed 100672K, reserved 1136640K
  class space    used 12282K, capacity 13011K, committed 13184K, reserved 1048576K
}
Event: 24.068 GC heap before
{Heap before GC invocations=24 (full 4):
 PSYoungGen      total 404992K, used 359454K [0x00000000e0000000, 0x00000000fc700000, 0x0000000100000000)
  eden space 344064K, 100% used [0x00000000e0000000,0x00000000f5000000,0x00000000f5000000)
  from space 60928K, 25% used [0x00000000f5000000,0x00000000f5f07ba8,0x00000000f8b80000)
  to   space 60416K, 0% used [0x00000000f8c00000,0x00000000f8c00000,0x00000000fc700000)
 ParOldGen       total 449024K, used 102333K [0x00000000a0000000, 0x00000000bb680000, 0x00000000e0000000)
  object space 449024K, 22% used [0x00000000a0000000,0x00000000a63ef468,0x00000000bb680000)
 Metaspace       used 97168K, capacity 100860K, committed 101312K, reserved 1136640K
  class space    used 12387K, capacity 13134K, committed 13312K, reserved 1048576K
Event: 24.081 GC heap after
Heap after GC invocations=24 (full 4):
 PSYoungGen      total 404480K, used 26136K [0x00000000e0000000, 0x00000000fc700000, 0x0000000100000000)
  eden space 344064K, 0% used [0x00000000e0000000,0x00000000e0000000,0x00000000f5000000)
  from space 60416K, 43% used [0x00000000f8c00000,0x00000000fa5860b0,0x00000000fc700000)
  to   space 60928K, 0% used [0x00000000f5000000,0x00000000f5000000,0x00000000f8b80000)
 ParOldGen       total 449024K, used 102341K [0x00000000a0000000, 0x00000000bb680000, 0x00000000e0000000)
  object space 449024K, 22% used [0x00000000a0000000,0x00000000a63f1468,0x00000000bb680000)
 Metaspace       used 97168K, capacity 100860K, committed 101312K, reserved 1136640K
  class space    used 12387K, capacity 13134K, committed 13312K, reserved 1048576K
}

