# JRE version: OpenJDK Runtime Environment (8.0_212-b04) (build 1.8.0_212-release-1586-b04)
# Java VM: OpenJDK 64-Bit Server VM (25.212-b04 mixed mode windows-amd64 compressed oops)
Heap:
 PSYoungGen      total 431104K, used 422873K [0x00000000e0000000, 0x0000000100000000, 0x0000000100000000)
  eden space 398336K, 97% used [0x00000000e0000000,0x00000000f7cfdae0,0x00000000f8500000)
  from space 32768K, 99% used [0x00000000fe000000,0x00000000ffff8b58,0x0000000100000000)
  to   space 62976K, 0% used [0x00000000f8500000,0x00000000f8500000,0x00000000fc280000)
 ParOldGen       total 246272K, used 99676K [0x00000000a0000000, 0x00000000af080000, 0x00000000e0000000)
  object space 246272K, 40% used [0x00000000a0000000,0x00000000a61571e0,0x00000000af080000)
 Metaspace       used 94044K, capacity 97962K, committed 98176K, reserved 1134592K
  class space    used 12399K, capacity 13177K, committed 13184K, reserved 1048576K
GC Heap History (10 events):
Event: 11.241 GC heap before
{Heap before GC invocations=9 (full 2):
 PSYoungGen      total 351232K, used 59625K [0x00000000e0000000, 0x00000000f7b80000, 0x0000000100000000)
  eden space 335360K, 13% used [0x00000000e0000000,0x00000000e2abd410,0x00000000f4780000)
  from space 15872K, 99% used [0x00000000f6180000,0x00000000f70fd320,0x00000000f7100000)
  to   space 26624K, 0% used [0x00000000f4780000,0x00000000f4780000,0x00000000f6180000)
 ParOldGen       total 171008K, used 32947K [0x00000000a0000000, 0x00000000aa700000, 0x00000000e0000000)
  object space 171008K, 19% used [0x00000000a0000000,0x00000000a202cc88,0x00000000aa700000)
 Metaspace       used 57294K, capacity 59070K, committed 59096K, reserved 1099776K
  class space    used 7843K, capacity 8311K, committed 8320K, reserved 1048576K
Event: 11.269 GC heap after
Heap after GC invocations=9 (full 2):
 PSYoungGen      total 361984K, used 18822K [0x00000000e0000000, 0x0000000100000000, 0x0000000100000000)
  eden space 335360K, 0% used [0x00000000e0000000,0x00000000e0000000,0x00000000f4780000)
  from space 26624K, 70% used [0x00000000f4780000,0x00000000f59e1b78,0x00000000f6180000)
  to   space 27136K, 0% used [0x00000000fe580000,0x00000000fe580000,0x0000000100000000)
 ParOldGen       total 171008K, used 32955K [0x00000000a0000000, 0x00000000aa700000, 0x00000000e0000000)
  object space 171008K, 19% used [0x00000000a0000000,0x00000000a202ec88,0x00000000aa700000)
 Metaspace       used 57294K, capacity 59070K, committed 59096K, reserved 1099776K
  class space    used 7843K, capacity 8311K, committed 8320K, reserved 1048576K
}
Event: 11.269 GC heap before
{Heap before GC invocations=10 (full 3):
 PSYoungGen      total 361984K, used 18822K [0x00000000e0000000, 0x0000000100000000, 0x0000000100000000)
  eden space 335360K, 0% used [0x00000000e0000000,0x00000000e0000000,0x00000000f4780000)
  from space 26624K, 70% used [0x00000000f4780000,0x00000000f59e1b78,0x00000000f6180000)
  to   space 27136K, 0% used [0x00000000fe580000,0x00000000fe580000,0x0000000100000000)
 ParOldGen       total 171008K, used 32955K [0x00000000a0000000, 0x00000000aa700000, 0x00000000e0000000)
  object space 171008K, 19% used [0x00000000a0000000,0x00000000a202ec88,0x00000000aa700000)
 Metaspace       used 57294K, capacity 59070K, committed 59096K, reserved 1099776K
  class space    used 7843K, capacity 8311K, committed 8320K, reserved 1048576K
Event: 11.484 GC heap after
Heap after GC invocations=10 (full 3):
 PSYoungGen      total 361984K, used 0K [0x00000000e0000000, 0x0000000100000000, 0x0000000100000000)
  eden space 335360K, 0% used [0x00000000e0000000,0x00000000e0000000,0x00000000f4780000)
  from space 26624K, 0% used [0x00000000f4780000,0x00000000f4780000,0x00000000f6180000)
  to   space 27136K, 0% used [0x00000000fe580000,0x00000000fe580000,0x0000000100000000)
 ParOldGen       total 246272K, used 34772K [0x00000000a0000000, 0x00000000af080000, 0x00000000e0000000)
  object space 246272K, 14% used [0x00000000a0000000,0x00000000a21f5148,0x00000000af080000)
 Metaspace       used 57294K, capacity 59070K, committed 59096K, reserved 1099776K
  class space    used 7843K, capacity 8311K, committed 8320K, reserved 1048576K
}
Event: 17.546 GC heap before
{Heap before GC invocations=11 (full 3):
 PSYoungGen      total 361984K, used 335360K [0x00000000e0000000, 0x0000000100000000, 0x0000000100000000)
  eden space 335360K, 100% used [0x00000000e0000000,0x00000000f4780000,0x00000000f4780000)
  from space 26624K, 0% used [0x00000000f4780000,0x00000000f4780000,0x00000000f6180000)
  to   space 27136K, 0% used [0x00000000fe580000,0x00000000fe580000,0x0000000100000000)
 ParOldGen       total 246272K, used 34772K [0x00000000a0000000, 0x00000000af080000, 0x00000000e0000000)
  object space 246272K, 14% used [0x00000000a0000000,0x00000000a21f5148,0x00000000af080000)
 Metaspace       used 65815K, capacity 68322K, committed 68608K, reserved 1107968K
  class space    used 8899K, capacity 9435K, committed 9472K, reserved 1048576K
Event: 17.569 GC heap after
Heap after GC invocations=11 (full 3):
 PSYoungGen      total 485888K, used 27109K [0x00000000e0000000, 0x0000000100000000, 0x0000000100000000)
  eden space 458752K, 0% used [0x00000000e0000000,0x00000000e0000000,0x00000000fc000000)
  from space 27136K, 99% used [0x00000000fe580000,0x00000000ffff9798,0x0000000100000000)
  to   space 32768K, 0% used [0x00000000fc000000,0x00000000fc000000,0x00000000fe000000)
 ParOldGen       total 246272K, used 38234K [0x00000000a0000000, 0x00000000af080000, 0x00000000e0000000)
  object space 246272K, 15% used [0x00000000a0000000,0x00000000a2556908,0x00000000af080000)
 Metaspace       used 65815K, capacity 68322K, committed 68608K, reserved 1107968K
  class space    used 8899K, capacity 9435K, committed 9472K, reserved 1048576K
}
Event: 21.890 GC heap before
{Heap before GC invocations=12 (full 3):
 PSYoungGen      total 485888K, used 485861K [0x00000000e0000000, 0x0000000100000000, 0x0000000100000000)
  eden space 458752K, 100% used [0x00000000e0000000,0x00000000fc000000,0x00000000fc000000)
  from space 27136K, 99% used [0x00000000fe580000,0x00000000ffff9798,0x0000000100000000)
  to   space 32768K, 0% used [0x00000000fc000000,0x00000000fc000000,0x00000000fe000000)
 ParOldGen       total 246272K, used 38234K [0x00000000a0000000, 0x00000000af080000, 0x00000000e0000000)
  object space 246272K, 15% used [0x00000000a0000000,0x00000000a2556908,0x00000000af080000)
 Metaspace       used 74743K, capacity 77568K, committed 77696K, reserved 1116160K
  class space    used 9964K, capacity 10590K, committed 10624K, reserved 1048576K
Event: 21.927 GC heap after
Heap after GC invocations=12 (full 3):
 PSYoungGen      total 491520K, used 32757K [0x00000000e0000000, 0x0000000100000000, 0x0000000100000000)
  eden space 458752K, 0% used [0x00000000e0000000,0x00000000e0000000,0x00000000fc000000)
  from space 32768K, 99% used [0x00000000fc000000,0x00000000fdffd500,0x00000000fe000000)
  to   space 32768K, 0% used [0x00000000fe000000,0x00000000fe000000,0x0000000100000000)
 ParOldGen       total 246272K, used 60928K [0x00000000a0000000, 0x00000000af080000, 0x00000000e0000000)
  object space 246272K, 24% used [0x00000000a0000000,0x00000000a3b802e8,0x00000000af080000)
 Metaspace       used 74743K, capacity 77568K, committed 77696K, reserved 1116160K
  class space    used 9964K, capacity 10590K, committed 10624K, reserved 1048576K
}
Event: 27.483 GC heap before
{Heap before GC invocations=13 (full 3):
 PSYoungGen      total 491520K, used 491509K [0x00000000e0000000, 0x0000000100000000, 0x0000000100000000)
  eden space 458752K, 100% used [0x00000000e0000000,0x00000000fc000000,0x00000000fc000000)
  from space 32768K, 99% used [0x00000000fc000000,0x00000000fdffd500,0x00000000fe000000)
  to   space 32768K, 0% used [0x00000000fe000000,0x00000000fe000000,0x0000000100000000)
 ParOldGen       total 246272K, used 60928K [0x00000000a0000000, 0x00000000af080000, 0x00000000e0000000)
  object space 246272K, 24% used [0x00000000a0000000,0x00000000a3b802e8,0x00000000af080000)
 Metaspace       used 83157K, capacity 86178K, committed 86400K, reserved 1124352K
  class space    used 11011K, capacity 11619K, committed 11648K, reserved 1048576K
Event: 27.530 GC heap after
Heap after GC invocations=13 (full 3):
 PSYoungGen      total 431104K, used 32738K [0x00000000e0000000, 0x0000000100000000, 0x0000000100000000)
  eden space 398336K, 0% used [0x00000000e0000000,0x00000000e0000000,0x00000000f8500000)
  from space 32768K, 99% used [0x00000000fe000000,0x00000000ffff8b58,0x0000000100000000)
  to   space 62976K, 0% used [0x00000000f8500000,0x00000000f8500000,0x00000000fc280000)
 ParOldGen       total 246272K, used 99676K [0x00000000a0000000, 0x00000000af080000, 0x00000000e0000000)
  object space 246272K, 40% used [0x00000000a0000000,0x00000000a61571e0,0x00000000af080000)
 Metaspace       used 83157K, capacity 86178K, committed 86400K, reserved 1124352K
  class space    used 11011K, capacity 11619K, committed 11648K, reserved 1048576K
}

